
=== Fri Jan  7 09:26:35 2022

Packages were changed.
Update Mode: mergeDefaultDependencies

The following packages were updated:
  com.unity.2d.animation from version 5.0.4 to 5.0.7
  com.unity.2d.psdimporter from version 4.0.2 to 4.1.0
  com.unity.2d.spriteshape from version 5.1.1 to 5.1.4
  com.unity.collab-proxy from version 1.3.9 to 1.7.1
  com.unity.ide.visualstudio from version 2.0.7 to 2.0.11
  com.unity.test-framework from version 1.1.24 to 1.1.27
  com.unity.textmeshpro from version 3.0.4 to 3.0.6
  com.unity.timeline from version 1.4.7 to 1.4.8

=== Mon Feb 14 11:10:20 2022

Packages were changed.
Update Mode: updateDependencies

The following packages were updated:
  com.unity.2d.animation from version 5.0.7 to 5.1.0
  com.unity.2d.psdimporter from version 4.1.0 to 4.2.0
  com.unity.2d.spriteshape from version 5.1.4 to 5.2.0
  com.unity.collab-proxy from version 1.9.0 to 1.15.7
  com.unity.ide.visualstudio from version 2.0.11 to 2.0.14
  com.unity.ide.vscode from version 1.2.3 to 1.2.4
